<?xml version="1.0" encoding="UTF-8"?>
<testsuite name="MyStructureTest" tests="1" skipped="0" failures="0" errors="0" timestamp="2020-10-21T06:41:38" hostname="TOMASZK046" time="0.034">
  <properties/>
  <testcase name="testFindByRendererWithCompositeNodeShouldNotBeNull" classname="MyStructureTest" time="0.034"/>
  <system-out><![CDATA[[Node{code='kod', renderer='test'}, Node{code='ckode', renderer='ctest'}]
]]></system-out>
  <system-err><![CDATA[]]></system-err>
</testsuite>
