<?xml version="1.0" encoding="UTF-8"?>
<testsuite name="MyStructureTest" tests="2" skipped="0" failures="0" errors="0" timestamp="2020-10-20T17:20:27" hostname="DESKTOP-8VM8O5K" time="0.005">
  <properties/>
  <testcase name="testFindByCodeShouldNotBeNull" classname="MyStructureTest" time="0.004"/>
  <testcase name="testFindByRendererShouldNotBeNull" classname="MyStructureTest" time="0.001"/>
  <system-out><![CDATA[]]></system-out>
  <system-err><![CDATA[]]></system-err>
</testsuite>
